<?xml version="1.0" encoding="UTF-8"?>
<testng-results ignored="0" total="1" passed="1" failed="0" skipped="0">
  <reporter-output>
  </reporter-output>
  <suite started-at="2021-09-27T07:56:59 IST" name="Kavya Facebook" finished-at="2021-09-27T07:57:03 IST" duration-ms="3597">
    <groups>
    </groups>
    <test started-at="2021-09-27T07:56:59 IST" name="Chrome Test" finished-at="2021-09-27T07:57:03 IST" duration-ms="3597">
      <class name="com.fb.testcases.TC001">
        <test-method is-config="true" signature="browserCode(java.lang.String)[pri:0, instance:com.fb.testcases.TC001@50a638b5]" started-at="2021-09-27T07:56:59 IST" name="browserCode" finished-at="2021-09-27T07:57:01 IST" duration-ms="2531" status="PASS">
          <params>
            <param index="0">
              <value>
                <![CDATA[chrome]]>
              </value>
            </param>
          </params>
          <reporter-output>
          </reporter-output>
        </test-method> <!-- browserCode -->
        <test-method signature="tc001()[pri:0, instance:com.fb.testcases.TC001@50a638b5]" started-at="2021-09-27T07:57:01 IST" name="tc001" finished-at="2021-09-27T07:57:02 IST" duration-ms="212" status="PASS">
          <reporter-output>
          </reporter-output>
        </test-method> <!-- tc001 -->
        <test-method is-config="true" signature="browserClose()[pri:0, instance:com.fb.testcases.TC001@50a638b5]" started-at="2021-09-27T07:57:02 IST" name="browserClose" finished-at="2021-09-27T07:57:02 IST" duration-ms="795" status="PASS">
          <reporter-output>
          </reporter-output>
        </test-method> <!-- browserClose -->
      </class> <!-- com.fb.testcases.TC001 -->
    </test> <!-- Chrome Test -->
  </suite> <!-- Kavya Facebook -->
</testng-results>
