<?xml version="1.0" encoding="UTF-8"?>
<!-- Generated by org.testng.reporters.JUnitXMLReporter -->
<testsuite ignored="0" hostname="LAPTOP-GO0H0EAB" failures="0" tests="1" name="IE Test" time="0.013" errors="0" timestamp="2021-09-27T07:41:07 IST">
  <testcase classname="com.fb.testcases.TC001" name="@BeforeMethod browserCode" time="0.0">
    <failure type="java.lang.Exception" message="ie is invalid">
      <![CDATA[java.lang.Exception: ie is invalid
at com.fb.testcases.TC001.browserCode(TC001.java:32)
at java.base/java.util.ArrayList.forEach(ArrayList.java:1540)
... Removed 31 stack frames]]>
    </failure>
  </testcase> <!-- @BeforeMethod browserCode -->
  <testcase classname="com.fb.testcases.TC001" name="@AfterMethod browserClose" time="-1.632708667065E9">
    <skipped/>
  </testcase> <!-- @AfterMethod browserClose -->
  <testcase classname="com.fb.testcases.TC001" name="tc001" time="0.0">
    <skipped/>
  </testcase> <!-- tc001 -->
</testsuite> <!-- IE Test -->
